#! /opt/homebrew/Cellar/icarus-verilog/12.0/bin/vvp
:ivl_version "12.0 (stable)";
:ivl_delay_selection "TYPICAL";
:vpi_time_precision - 12;
:vpi_module "/opt/homebrew/Cellar/icarus-verilog/12.0/lib/ivl/system.vpi";
:vpi_module "/opt/homebrew/Cellar/icarus-verilog/12.0/lib/ivl/vhdl_sys.vpi";
:vpi_module "/opt/homebrew/Cellar/icarus-verilog/12.0/lib/ivl/vhdl_textio.vpi";
:vpi_module "/opt/homebrew/Cellar/icarus-verilog/12.0/lib/ivl/v2005_math.vpi";
:vpi_module "/opt/homebrew/Cellar/icarus-verilog/12.0/lib/ivl/va_math.vpi";
S_0x134073920 .scope module, "cpu_tb" "cpu_tb" 2 3;
 .timescale -9 -12;
v0x134084800_8 .array/port v0x134084800, 8;
L_0x13408ba60 .functor BUFZ 32, v0x134084800_8, C4<00000000000000000000000000000000>, C4<00000000000000000000000000000000>, C4<00000000000000000000000000000000>;
v0x134084800_9 .array/port v0x134084800, 9;
L_0x13408bad0 .functor BUFZ 32, v0x134084800_9, C4<00000000000000000000000000000000>, C4<00000000000000000000000000000000>, C4<00000000000000000000000000000000>;
v0x134084800_10 .array/port v0x134084800, 10;
L_0x13408bb40 .functor BUFZ 32, v0x134084800_10, C4<00000000000000000000000000000000>, C4<00000000000000000000000000000000>, C4<00000000000000000000000000000000>;
v0x134084800_12 .array/port v0x134084800, 12;
L_0x13408bbb0 .functor BUFZ 32, v0x134084800_12, C4<00000000000000000000000000000000>, C4<00000000000000000000000000000000>, C4<00000000000000000000000000000000>;
v0x134084800_13 .array/port v0x134084800, 13;
L_0x13408bc20 .functor BUFZ 32, v0x134084800_13, C4<00000000000000000000000000000000>, C4<00000000000000000000000000000000>, C4<00000000000000000000000000000000>;
v0x134084800_15 .array/port v0x134084800, 15;
L_0x13408bc90 .functor BUFZ 32, v0x134084800_15, C4<00000000000000000000000000000000>, C4<00000000000000000000000000000000>, C4<00000000000000000000000000000000>;
v0x134084800_24 .array/port v0x134084800, 24;
L_0x13408bd00 .functor BUFZ 32, v0x134084800_24, C4<00000000000000000000000000000000>, C4<00000000000000000000000000000000>, C4<00000000000000000000000000000000>;
v0x134088d70_0 .net "RF10", 31 0, L_0x13408bb40;  1 drivers
v0x134088e00_0 .net "RF12", 31 0, L_0x13408bbb0;  1 drivers
v0x134088e90_0 .net "RF13", 31 0, L_0x13408bc20;  1 drivers
v0x134088f20_0 .net "RF15", 31 0, L_0x13408bc90;  1 drivers
v0x134088fb0_0 .net "RF24", 31 0, L_0x13408bd00;  1 drivers
v0x134089080_0 .net "RF8", 31 0, L_0x13408ba60;  1 drivers
v0x134089110_0 .net "RF9", 31 0, L_0x13408bad0;  1 drivers
v0x1340891a0_0 .var "clk", 0 0;
v0x134089230_0 .net "instr", 31 0, L_0x134089820;  1 drivers
S_0x134073f10 .scope module, "uut" "cpu" 2 8, 3 1 0, S_0x134073920;
 .timescale -9 -12;
    .port_info 0 /INPUT 1 "clk";
    .port_info 1 /OUTPUT 32 "instr";
P_0x1340749a0 .param/l "PCSRC_BRANCH" 1 3 13, C4<01>;
P_0x1340749e0 .param/l "PCSRC_PLUS4" 1 3 12, C4<00>;
P_0x134074a20 .param/l "RESET_PC" 1 3 11, C4<00000000000000000000000000000000>;
L_0x134089820 .functor BUFZ 32, v0x134081690_0, C4<00000000000000000000000000000000>, C4<00000000000000000000000000000000>, C4<00000000000000000000000000000000>;
L_0x13408b010 .functor BUFZ 32, v0x134080e50_0, C4<00000000000000000000000000000000>, C4<00000000000000000000000000000000>, C4<00000000000000000000000000000000>;
L_0x13408b780 .functor AND 1, L_0x13408b500, L_0x13408b660, C4<1>, C4<1>;
L_0x128078010 .functor BUFT 1, C4<00000000000000000000000000000100>, C4<0>, C4<0>, C4<0>;
v0x134085600_0 .net/2u *"_ivl_0", 31 0, L_0x128078010;  1 drivers
L_0x1280780e8 .functor BUFT 1, C4<00>, C4<0>, C4<0>, C4<0>;
v0x1340856c0_0 .net/2u *"_ivl_10", 1 0, L_0x1280780e8;  1 drivers
v0x134085760_0 .net *"_ivl_12", 0 0, L_0x1340895e0;  1 drivers
L_0x1280782e0 .functor BUFT 1, C4<1>, C4<0>, C4<0>, C4<0>;
v0x1340857f0_0 .net/2u *"_ivl_24", 0 0, L_0x1280782e0;  1 drivers
v0x134085890_0 .net *"_ivl_26", 0 0, L_0x13408b500;  1 drivers
L_0x128078328 .functor BUFT 1, C4<1>, C4<0>, C4<0>, C4<0>;
v0x134085970_0 .net/2u *"_ivl_28", 0 0, L_0x128078328;  1 drivers
v0x134085a20_0 .net *"_ivl_30", 0 0, L_0x13408b660;  1 drivers
L_0x128078058 .functor BUFT 1, C4<01>, C4<0>, C4<0>, C4<0>;
v0x134085ac0_0 .net/2u *"_ivl_4", 1 0, L_0x128078058;  1 drivers
L_0x1280780a0 .functor BUFT 1, C4<00>, C4<0>, C4<0>, C4<0>;
v0x134085b70_0 .net/2u *"_ivl_6", 1 0, L_0x1280780a0;  1 drivers
v0x134085c80_0 .net "aluout_ex", 31 0, v0x13407bb80_0;  1 drivers
v0x134085d20_0 .net "aluout_mem", 31 0, v0x13407e700_0;  1 drivers
v0x134085dc0_0 .net "aluout_wb", 31 0, v0x134083d20_0;  1 drivers
v0x134085e60_0 .net "branch_taken", 0 0, L_0x13408b780;  1 drivers
v0x134085ef0_0 .net "branch_target_ex", 31 0, v0x13407c860_0;  1 drivers
v0x134085fd0_0 .net "branch_target_mem", 31 0, v0x13407e860_0;  1 drivers
v0x134086070_0 .net "clk", 0 0, v0x1340891a0_0;  1 drivers
v0x134086100_0 .net "ctrl_aluctrl_ex", 3 0, v0x13407c200_0;  1 drivers
v0x1340862d0_0 .net "ctrl_aluop_ex", 1 0, v0x13407e3c0_0;  1 drivers
v0x134086360_0 .net "ctrl_aluop_id", 1 0, v0x134083180_0;  1 drivers
v0x134086430_0 .net "ctrl_alusrc_ex", 0 0, v0x13407fde0_0;  1 drivers
v0x1340864c0_0 .net "ctrl_alusrc_id", 0 0, v0x134083250_0;  1 drivers
v0x134086590_0 .net "ctrl_branch_ex", 0 0, v0x13407ff50_0;  1 drivers
v0x134086660_0 .net "ctrl_branch_id", 0 0, v0x134083300_0;  1 drivers
v0x134086730_0 .net "ctrl_branch_mem", 0 0, v0x13407ea50_0;  1 drivers
v0x1340867c0_0 .net "ctrl_jump_id", 0 0, v0x1340833d0_0;  1 drivers
v0x134086850_0 .net "ctrl_memread_ex", 0 0, v0x134080070_0;  1 drivers
v0x134086920_0 .net "ctrl_memread_id", 0 0, v0x134083460_0;  1 drivers
v0x1340869f0_0 .net "ctrl_memread_mem", 0 0, v0x13407eb80_0;  1 drivers
v0x134086ac0_0 .net "ctrl_memtoreg_ex", 0 0, v0x134080230_0;  1 drivers
v0x134086b90_0 .net "ctrl_memtoreg_id", 0 0, v0x134083530_0;  1 drivers
v0x134086c60_0 .net "ctrl_memtoreg_mem", 0 0, v0x13407ed40_0;  1 drivers
v0x134086d30_0 .net "ctrl_memtoreg_wb", 0 0, v0x134083fa0_0;  1 drivers
v0x134086dc0_0 .net "ctrl_memwrite_ex", 0 0, v0x134080370_0;  1 drivers
v0x1340861d0_0 .net "ctrl_memwrite_id", 0 0, v0x1340835e0_0;  1 drivers
v0x134087090_0 .net "ctrl_memwrite_mem", 0 0, v0x13407ee60_0;  1 drivers
v0x134087160_0 .net "ctrl_regdst_ex", 0 0, v0x134080490_0;  1 drivers
v0x1340871f0_0 .net "ctrl_regdst_id", 0 0, v0x134083690_0;  1 drivers
v0x1340872c0_0 .net "ctrl_regwrite_ex", 0 0, v0x1340805b0_0;  1 drivers
v0x134087390_0 .net "ctrl_regwrite_id", 0 0, v0x134083740_0;  1 drivers
v0x134087460_0 .net "ctrl_regwrite_mem", 0 0, v0x13407ef80_0;  1 drivers
v0x134087530_0 .net "ctrl_regwrite_wb", 0 0, v0x1340840c0_0;  1 drivers
v0x1340875c0_0 .net "ctrl_zero_ex", 0 0, L_0x13408ab90;  1 drivers
v0x134087690_0 .net "ctrl_zero_mem", 0 0, v0x13407f0d0_0;  1 drivers
v0x134087720_0 .net "datatowritereg", 31 0, L_0x13408b8b0;  1 drivers
v0x1340877b0_0 .net "funct_ex", 5 0, v0x1340807f0_0;  1 drivers
v0x134087880_0 .net "funct_id", 5 0, L_0x134089df0;  1 drivers
v0x134087950_0 .net "imm16_id", 15 0, L_0x134089e90;  1 drivers
v0x134087a20_0 .net "imm32_ex", 31 0, v0x134080940_0;  1 drivers
v0x134087af0_0 .net "imm32_id", 31 0, L_0x13408a2a0;  1 drivers
v0x134087bc0_0 .net "instr", 31 0, L_0x134089820;  alias, 1 drivers
v0x134087c50_0 .net "instr_id", 31 0, v0x134081690_0;  1 drivers
v0x134087ce0_0 .net "instr_if", 31 0, v0x134081be0_0;  1 drivers
v0x134087db0_0 .net "jump_addr_id", 25 0, L_0x134089f30;  1 drivers
v0x134087e40_0 .net "next_pc_if", 31 0, L_0x134089700;  1 drivers
v0x134087ed0_0 .net "opcode_id", 5 0, L_0x1340898d0;  1 drivers
v0x134087fa0_0 .net "operand2", 31 0, L_0x13408aa00;  1 drivers
v0x134088030_0 .var "pc_if", 31 0;
v0x1340880c0_0 .net "pc_plus4_ex", 31 0, v0x134080a60_0;  1 drivers
v0x134088190_0 .net "pc_plus4_id", 31 0, v0x1340817c0_0;  1 drivers
v0x134088260_0 .net "pc_plus4_if", 31 0, L_0x134089340;  1 drivers
v0x1340882f0_0 .net "pcsrc_if", 1 0, L_0x1340894c0;  1 drivers
v0x134088380_0 .net "rd_ex", 4 0, v0x134080b90_0;  1 drivers
v0x134088410_0 .net "rd_id", 4 0, L_0x134089bb0;  1 drivers
v0x1340884e0_0 .net "readdata1_ex", 31 0, v0x134080d00_0;  1 drivers
v0x1340885b0_0 .net "readdata1_id", 31 0, L_0x13408a6e0;  1 drivers
v0x134086e90_0 .net "readdata2_ex", 31 0, v0x134080e50_0;  1 drivers
v0x134086f20_0 .net "readdata2_id", 31 0, L_0x13408a950;  1 drivers
v0x134088640_0 .net "readdata_mem", 31 0, L_0x13408b420;  1 drivers
v0x1340886d0_0 .net "readdata_wb", 31 0, v0x134084200_0;  1 drivers
v0x134088760_0 .net "rs_id", 4 0, L_0x1340899f0;  1 drivers
v0x134088830_0 .net "rt_ex", 4 0, v0x134080fb0_0;  1 drivers
v0x1340888c0_0 .net "rt_id", 4 0, L_0x134089a90;  1 drivers
v0x134088950_0 .net "shamt_id", 4 0, L_0x134089c50;  1 drivers
v0x1340889e0_0 .net "writedata_ex", 31 0, L_0x13408b010;  1 drivers
v0x134088a70_0 .net "writedata_mem", 31 0, v0x13407f310_0;  1 drivers
v0x134088b40_0 .net "writereg_ex", 4 0, L_0x13408ae70;  1 drivers
v0x134088bd0_0 .net "writereg_mem", 4 0, v0x13407f460_0;  1 drivers
v0x134088ca0_0 .net "writereg_wb", 4 0, v0x1340843d0_0;  1 drivers
L_0x134089340 .arith/sum 32, v0x134088030_0, L_0x128078010;
L_0x1340894c0 .functor MUXZ 2, L_0x1280780a0, L_0x128078058, L_0x13408b780, C4<>;
L_0x1340895e0 .cmp/eq 2, L_0x1340894c0, L_0x1280780e8;
L_0x134089700 .functor MUXZ 32, v0x13407e860_0, L_0x134089340, L_0x1340895e0, C4<>;
L_0x13408aa00 .functor MUXZ 32, v0x134080e50_0, v0x134080940_0, v0x13407fde0_0, C4<>;
L_0x13408ae70 .functor MUXZ 5, v0x134080fb0_0, v0x134080b90_0, v0x134080490_0, C4<>;
L_0x13408b500 .cmp/eeq 1, v0x13407ea50_0, L_0x1280782e0;
L_0x13408b660 .cmp/eeq 1, v0x13407f0d0_0, L_0x128078328;
L_0x13408b8b0 .functor MUXZ 32, v0x134083d20_0, v0x134084200_0, v0x134083fa0_0, C4<>;
S_0x134074520 .scope module, "sext" "sext16to32" 3 85, 4 1 0, S_0x134073f10;
 .timescale -9 -12;
    .port_info 0 /INPUT 16 "imm16_id";
    .port_info 1 /OUTPUT 32 "imm32_id";
v0x134076f50_0 .net *"_ivl_1", 0 0, L_0x134089fd0;  1 drivers
v0x13407b620_0 .net *"_ivl_2", 15 0, L_0x13408a0f0;  1 drivers
v0x13407b6c0_0 .net "imm16_id", 15 0, L_0x134089e90;  alias, 1 drivers
v0x13407b750_0 .net "imm32_id", 31 0, L_0x13408a2a0;  alias, 1 drivers
L_0x134089fd0 .part L_0x134089e90, 15, 1;
LS_0x13408a0f0_0_0 .concat [ 1 1 1 1], L_0x134089fd0, L_0x134089fd0, L_0x134089fd0, L_0x134089fd0;
LS_0x13408a0f0_0_4 .concat [ 1 1 1 1], L_0x134089fd0, L_0x134089fd0, L_0x134089fd0, L_0x134089fd0;
LS_0x13408a0f0_0_8 .concat [ 1 1 1 1], L_0x134089fd0, L_0x134089fd0, L_0x134089fd0, L_0x134089fd0;
LS_0x13408a0f0_0_12 .concat [ 1 1 1 1], L_0x134089fd0, L_0x134089fd0, L_0x134089fd0, L_0x134089fd0;
L_0x13408a0f0 .concat [ 4 4 4 4], LS_0x13408a0f0_0_0, LS_0x13408a0f0_0_4, LS_0x13408a0f0_0_8, LS_0x13408a0f0_0_12;
L_0x13408a2a0 .concat [ 16 16 0 0], L_0x134089e90, L_0x13408a0f0;
S_0x13407b7f0 .scope module, "u_alu" "alu32" 3 166, 5 1 0, S_0x134073f10;
 .timescale -9 -12;
    .port_info 0 /INPUT 4 "ctrl_aluctrl_ex";
    .port_info 1 /INPUT 32 "operand1";
    .port_info 2 /INPUT 32 "operand2";
    .port_info 3 /OUTPUT 32 "aluout_ex";
    .port_info 4 /OUTPUT 1 "ctrl_zero_ex";
L_0x1280781c0 .functor BUFT 1, C4<00000000000000000000000000000000>, C4<0>, C4<0>, C4<0>;
v0x13407bac0_0 .net/2u *"_ivl_0", 31 0, L_0x1280781c0;  1 drivers
v0x13407bb80_0 .var "aluout_ex", 31 0;
v0x13407bc30_0 .net "ctrl_aluctrl_ex", 3 0, v0x13407c200_0;  alias, 1 drivers
v0x13407bcf0_0 .net "ctrl_zero_ex", 0 0, L_0x13408ab90;  alias, 1 drivers
v0x13407bd90_0 .net "operand1", 31 0, v0x134080d00_0;  alias, 1 drivers
v0x13407be80_0 .net "operand2", 31 0, L_0x13408aa00;  alias, 1 drivers
E_0x13407ba60 .event anyedge, v0x13407be80_0, v0x13407bd90_0, v0x13407bc30_0;
L_0x13408ab90 .cmp/eq 32, v0x13407bb80_0, L_0x1280781c0;
S_0x13407bfb0 .scope module, "u_aluctrl" "ctrl_alu" 3 154, 6 1 0, S_0x134073f10;
 .timescale -9 -12;
    .port_info 0 /INPUT 2 "ctrl_aluop_ex";
    .port_info 1 /INPUT 6 "funct_ex";
    .port_info 2 /OUTPUT 4 "ctrl_aluctrl_ex";
v0x13407c200_0 .var "ctrl_aluctrl_ex", 3 0;
v0x13407c2d0_0 .net "ctrl_aluop_ex", 1 0, v0x13407e3c0_0;  alias, 1 drivers
v0x13407c370_0 .net "funct_ex", 5 0, v0x1340807f0_0;  alias, 1 drivers
E_0x13407c1c0 .event anyedge, v0x13407c2d0_0, v0x13407c370_0;
S_0x13407c480 .scope module, "u_btadd" "branch_adder" 3 176, 7 1 0, S_0x134073f10;
 .timescale -9 -12;
    .port_info 0 /INPUT 32 "imm32_ex";
    .port_info 1 /INPUT 32 "pc_plus4_ex";
    .port_info 2 /OUTPUT 32 "branch_target_ex";
v0x13407c6f0_0 .net *"_ivl_2", 29 0, L_0x13408ac70;  1 drivers
L_0x128078208 .functor BUFT 1, C4<00>, C4<0>, C4<0>, C4<0>;
v0x13407c7b0_0 .net *"_ivl_4", 1 0, L_0x128078208;  1 drivers
v0x13407c860_0 .var "branch_target_ex", 31 0;
v0x13407c920_0 .net "imm32_2sl", 31 0, L_0x13408ad90;  1 drivers
v0x13407c9d0_0 .net "imm32_ex", 31 0, v0x134080940_0;  alias, 1 drivers
v0x13407cac0_0 .net "pc_plus4_ex", 31 0, v0x134080a60_0;  alias, 1 drivers
E_0x13407c690 .event anyedge, v0x13407cac0_0, v0x13407c920_0;
L_0x13408ac70 .part v0x134080940_0, 0, 30;
L_0x13408ad90 .concat [ 2 30 0 0], L_0x128078208, L_0x13408ac70;
S_0x13407cba0 .scope module, "u_dec" "instr_decoder" 3 76, 8 1 0, S_0x134073f10;
 .timescale -9 -12;
    .port_info 0 /INPUT 32 "instr_id";
    .port_info 1 /OUTPUT 6 "opcode_id";
    .port_info 2 /OUTPUT 5 "rs_id";
    .port_info 3 /OUTPUT 5 "rt_id";
    .port_info 4 /OUTPUT 5 "rd_id";
    .port_info 5 /OUTPUT 5 "shamt_id";
    .port_info 6 /OUTPUT 6 "funct_id";
    .port_info 7 /OUTPUT 16 "imm16_id";
    .port_info 8 /OUTPUT 26 "jump_addr_id";
v0x13407ced0_0 .net "funct_id", 5 0, L_0x134089df0;  alias, 1 drivers
v0x13407cf70_0 .net "imm16_id", 15 0, L_0x134089e90;  alias, 1 drivers
v0x13407d010_0 .net "instr_id", 31 0, v0x134081690_0;  alias, 1 drivers
v0x13407d0c0_0 .net "jump_addr_id", 25 0, L_0x134089f30;  alias, 1 drivers
v0x13407d170_0 .net "opcode_id", 5 0, L_0x1340898d0;  alias, 1 drivers
v0x13407d260_0 .net "rd_id", 4 0, L_0x134089bb0;  alias, 1 drivers
v0x13407d310_0 .net "rs_id", 4 0, L_0x1340899f0;  alias, 1 drivers
v0x13407d3c0_0 .net "rt_id", 4 0, L_0x134089a90;  alias, 1 drivers
v0x13407d470_0 .net "shamt_id", 4 0, L_0x134089c50;  alias, 1 drivers
L_0x1340898d0 .part v0x134081690_0, 26, 6;
L_0x1340899f0 .part v0x134081690_0, 21, 5;
L_0x134089a90 .part v0x134081690_0, 16, 5;
L_0x134089bb0 .part v0x134081690_0, 11, 5;
L_0x134089c50 .part v0x134081690_0, 6, 5;
L_0x134089df0 .part v0x134081690_0, 0, 6;
L_0x134089e90 .part v0x134081690_0, 0, 16;
L_0x134089f30 .part v0x134081690_0, 0, 26;
S_0x13407d660 .scope module, "u_dmem" "data_mem" 3 225, 9 1 0, S_0x134073f10;
 .timescale -9 -12;
    .port_info 0 /INPUT 1 "clk";
    .port_info 1 /INPUT 1 "ctrl_memread_mem";
    .port_info 2 /INPUT 1 "ctrl_memwrite_mem";
    .port_info 3 /INPUT 32 "aluout_mem";
    .port_info 4 /INPUT 32 "writedata_mem";
    .port_info 5 /OUTPUT 32 "readdata_mem";
v0x13407d8b0_0 .net *"_ivl_0", 31 0, L_0x13408b0c0;  1 drivers
v0x13407d970_0 .net *"_ivl_3", 7 0, L_0x13408b160;  1 drivers
v0x13407da20_0 .net *"_ivl_4", 9 0, L_0x13408b280;  1 drivers
L_0x128078250 .functor BUFT 1, C4<00>, C4<0>, C4<0>, C4<0>;
v0x13407dae0_0 .net *"_ivl_7", 1 0, L_0x128078250;  1 drivers
L_0x128078298 .functor BUFT 1, C4<00000000000000000000000000000000>, C4<0>, C4<0>, C4<0>;
v0x13407db90_0 .net/2u *"_ivl_8", 31 0, L_0x128078298;  1 drivers
v0x13407dc80_0 .net "aluout_mem", 31 0, v0x13407e700_0;  alias, 1 drivers
v0x13407dd30_0 .net "clk", 0 0, v0x1340891a0_0;  alias, 1 drivers
v0x13407ddd0_0 .net "ctrl_memread_mem", 0 0, v0x13407eb80_0;  alias, 1 drivers
v0x13407de70_0 .net "ctrl_memwrite_mem", 0 0, v0x13407ee60_0;  alias, 1 drivers
v0x13407df80 .array "memory", 0 255, 31 0;
v0x13407e010_0 .net "readdata_mem", 31 0, L_0x13408b420;  alias, 1 drivers
v0x13407e0c0_0 .net "writedata_mem", 31 0, v0x13407f310_0;  alias, 1 drivers
E_0x13407d860 .event posedge, v0x13407dd30_0;
L_0x13408b0c0 .array/port v0x13407df80, L_0x13408b280;
L_0x13408b160 .part v0x13407e700_0, 2, 8;
L_0x13408b280 .concat [ 8 2 0 0], L_0x13408b160, L_0x128078250;
L_0x13408b420 .functor MUXZ 32, L_0x128078298, L_0x13408b0c0, v0x13407eb80_0, C4<>;
S_0x13407e200 .scope module, "u_exmem" "pipe_ex_mem" 3 201, 10 1 0, S_0x134073f10;
 .timescale -9 -12;
    .port_info 0 /INPUT 1 "clk";
    .port_info 1 /INPUT 1 "ctrl_branch_ex";
    .port_info 2 /INPUT 1 "ctrl_memread_ex";
    .port_info 3 /INPUT 1 "ctrl_memtoreg_ex";
    .port_info 4 /INPUT 1 "ctrl_memwrite_ex";
    .port_info 5 /INPUT 1 "ctrl_regwrite_ex";
    .port_info 6 /INPUT 32 "branch_target_ex";
    .port_info 7 /INPUT 1 "ctrl_zero_ex";
    .port_info 8 /INPUT 32 "aluout_ex";
    .port_info 9 /INPUT 32 "writedata_ex";
    .port_info 10 /INPUT 5 "writereg_ex";
    .port_info 11 /OUTPUT 1 "ctrl_branch_mem";
    .port_info 12 /OUTPUT 1 "ctrl_memread_mem";
    .port_info 13 /OUTPUT 1 "ctrl_memtoreg_mem";
    .port_info 14 /OUTPUT 1 "ctrl_memwrite_mem";
    .port_info 15 /OUTPUT 1 "ctrl_regwrite_mem";
    .port_info 16 /OUTPUT 32 "branch_target_mem";
    .port_info 17 /OUTPUT 1 "ctrl_zero_mem";
    .port_info 18 /OUTPUT 32 "aluout_mem";
    .port_info 19 /OUTPUT 32 "writedata_mem";
    .port_info 20 /OUTPUT 5 "writereg_mem";
v0x13407e670_0 .net "aluout_ex", 31 0, v0x13407bb80_0;  alias, 1 drivers
v0x13407e700_0 .var "aluout_mem", 31 0;
v0x13407e790_0 .net "branch_target_ex", 31 0, v0x13407c860_0;  alias, 1 drivers
v0x13407e860_0 .var "branch_target_mem", 31 0;
v0x13407e8f0_0 .net "clk", 0 0, v0x1340891a0_0;  alias, 1 drivers
v0x13407e9c0_0 .net "ctrl_branch_ex", 0 0, v0x13407ff50_0;  alias, 1 drivers
v0x13407ea50_0 .var "ctrl_branch_mem", 0 0;
v0x13407eae0_0 .net "ctrl_memread_ex", 0 0, v0x134080070_0;  alias, 1 drivers
v0x13407eb80_0 .var "ctrl_memread_mem", 0 0;
v0x13407ecb0_0 .net "ctrl_memtoreg_ex", 0 0, v0x134080230_0;  alias, 1 drivers
v0x13407ed40_0 .var "ctrl_memtoreg_mem", 0 0;
v0x13407edd0_0 .net "ctrl_memwrite_ex", 0 0, v0x134080370_0;  alias, 1 drivers
v0x13407ee60_0 .var "ctrl_memwrite_mem", 0 0;
v0x13407eef0_0 .net "ctrl_regwrite_ex", 0 0, v0x1340805b0_0;  alias, 1 drivers
v0x13407ef80_0 .var "ctrl_regwrite_mem", 0 0;
v0x13407f020_0 .net "ctrl_zero_ex", 0 0, L_0x13408ab90;  alias, 1 drivers
v0x13407f0d0_0 .var "ctrl_zero_mem", 0 0;
v0x13407f260_0 .net "writedata_ex", 31 0, L_0x13408b010;  alias, 1 drivers
v0x13407f310_0 .var "writedata_mem", 31 0;
v0x13407f3d0_0 .net "writereg_ex", 4 0, L_0x13408ae70;  alias, 1 drivers
v0x13407f460_0 .var "writereg_mem", 4 0;
S_0x13407f6a0 .scope module, "u_idex" "pipe_id_ex" 3 117, 11 1 0, S_0x134073f10;
 .timescale -9 -12;
    .port_info 0 /INPUT 1 "clk";
    .port_info 1 /INPUT 1 "ctrl_regdst_id";
    .port_info 2 /INPUT 1 "ctrl_branch_id";
    .port_info 3 /INPUT 1 "ctrl_memread_id";
    .port_info 4 /INPUT 1 "ctrl_memtoreg_id";
    .port_info 5 /INPUT 1 "ctrl_memwrite_id";
    .port_info 6 /INPUT 1 "ctrl_alusrc_id";
    .port_info 7 /INPUT 1 "ctrl_regwrite_id";
    .port_info 8 /INPUT 2 "ctrl_aluop_id";
    .port_info 9 /INPUT 32 "pc_plus4_id";
    .port_info 10 /INPUT 32 "readdata1_id";
    .port_info 11 /INPUT 32 "readdata2_id";
    .port_info 12 /INPUT 32 "imm32_id";
    .port_info 13 /INPUT 6 "funct_id";
    .port_info 14 /INPUT 5 "rt_id";
    .port_info 15 /INPUT 5 "rd_id";
    .port_info 16 /OUTPUT 1 "ctrl_regdst_ex";
    .port_info 17 /OUTPUT 1 "ctrl_branch_ex";
    .port_info 18 /OUTPUT 1 "ctrl_memread_ex";
    .port_info 19 /OUTPUT 1 "ctrl_memtoreg_ex";
    .port_info 20 /OUTPUT 1 "ctrl_memwrite_ex";
    .port_info 21 /OUTPUT 1 "ctrl_alusrc_ex";
    .port_info 22 /OUTPUT 1 "ctrl_regwrite_ex";
    .port_info 23 /OUTPUT 2 "ctrl_aluop_ex";
    .port_info 24 /OUTPUT 32 "pc_plus4_ex";
    .port_info 25 /OUTPUT 32 "readdata1_ex";
    .port_info 26 /OUTPUT 32 "readdata2_ex";
    .port_info 27 /OUTPUT 32 "imm32_ex";
    .port_info 28 /OUTPUT 6 "funct_ex";
    .port_info 29 /OUTPUT 5 "rt_ex";
    .port_info 30 /OUTPUT 5 "rd_ex";
v0x13407fc50_0 .net "clk", 0 0, v0x1340891a0_0;  alias, 1 drivers
v0x13407e3c0_0 .var "ctrl_aluop_ex", 1 0;
v0x13407fd30_0 .net "ctrl_aluop_id", 1 0, v0x134083180_0;  alias, 1 drivers
v0x13407fde0_0 .var "ctrl_alusrc_ex", 0 0;
v0x13407fe70_0 .net "ctrl_alusrc_id", 0 0, v0x134083250_0;  alias, 1 drivers
v0x13407ff50_0 .var "ctrl_branch_ex", 0 0;
v0x13407ffe0_0 .net "ctrl_branch_id", 0 0, v0x134083300_0;  alias, 1 drivers
v0x134080070_0 .var "ctrl_memread_ex", 0 0;
v0x134080120_0 .net "ctrl_memread_id", 0 0, v0x134083460_0;  alias, 1 drivers
v0x134080230_0 .var "ctrl_memtoreg_ex", 0 0;
v0x1340802e0_0 .net "ctrl_memtoreg_id", 0 0, v0x134083530_0;  alias, 1 drivers
v0x134080370_0 .var "ctrl_memwrite_ex", 0 0;
v0x134080400_0 .net "ctrl_memwrite_id", 0 0, v0x1340835e0_0;  alias, 1 drivers
v0x134080490_0 .var "ctrl_regdst_ex", 0 0;
v0x134080520_0 .net "ctrl_regdst_id", 0 0, v0x134083690_0;  alias, 1 drivers
v0x1340805b0_0 .var "ctrl_regwrite_ex", 0 0;
v0x134080660_0 .net "ctrl_regwrite_id", 0 0, v0x134083740_0;  alias, 1 drivers
v0x1340807f0_0 .var "funct_ex", 5 0;
v0x1340808b0_0 .net "funct_id", 5 0, L_0x134089df0;  alias, 1 drivers
v0x134080940_0 .var "imm32_ex", 31 0;
v0x1340809d0_0 .net "imm32_id", 31 0, L_0x13408a2a0;  alias, 1 drivers
v0x134080a60_0 .var "pc_plus4_ex", 31 0;
v0x134080af0_0 .net "pc_plus4_id", 31 0, v0x1340817c0_0;  alias, 1 drivers
v0x134080b90_0 .var "rd_ex", 4 0;
v0x134080c40_0 .net "rd_id", 4 0, L_0x134089bb0;  alias, 1 drivers
v0x134080d00_0 .var "readdata1_ex", 31 0;
v0x134080db0_0 .net "readdata1_id", 31 0, L_0x13408a6e0;  alias, 1 drivers
v0x134080e50_0 .var "readdata2_ex", 31 0;
v0x134080f00_0 .net "readdata2_id", 31 0, L_0x13408a950;  alias, 1 drivers
v0x134080fb0_0 .var "rt_ex", 4 0;
v0x134081060_0 .net "rt_id", 4 0, L_0x134089a90;  alias, 1 drivers
S_0x134081400 .scope module, "u_ifid" "pipe_if_id" 3 52, 12 1 0, S_0x134073f10;
 .timescale -9 -12;
    .port_info 0 /INPUT 1 "clk";
    .port_info 1 /INPUT 32 "pc_plus4_if";
    .port_info 2 /INPUT 32 "instr_if";
    .port_info 3 /OUTPUT 32 "pc_plus4_id";
    .port_info 4 /OUTPUT 32 "instr_id";
v0x1340815f0_0 .net "clk", 0 0, v0x1340891a0_0;  alias, 1 drivers
v0x134081690_0 .var "instr_id", 31 0;
v0x134081730_0 .net "instr_if", 31 0, v0x134081be0_0;  alias, 1 drivers
v0x1340817c0_0 .var "pc_plus4_id", 31 0;
v0x134081880_0 .net "pc_plus4_if", 31 0, L_0x134089340;  alias, 1 drivers
S_0x1340819e0 .scope module, "u_imem" "instr_mem" 3 39, 13 1 0, S_0x134073f10;
 .timescale -9 -12;
    .port_info 0 /INPUT 32 "pc_if";
    .port_info 1 /OUTPUT 32 "instr_if";
v0x134081be0_0 .var "instr_if", 31 0;
v0x134081cb0 .array "memory", 255 0, 31 0;
v0x134082d40_0 .net "pc_if", 31 0, v0x134088030_0;  1 drivers
v0x134081cb0_0 .array/port v0x134081cb0, 0;
v0x134081cb0_1 .array/port v0x134081cb0, 1;
v0x134081cb0_2 .array/port v0x134081cb0, 2;
E_0x134081ba0/0 .event anyedge, v0x134082d40_0, v0x134081cb0_0, v0x134081cb0_1, v0x134081cb0_2;
v0x134081cb0_3 .array/port v0x134081cb0, 3;
v0x134081cb0_4 .array/port v0x134081cb0, 4;
v0x134081cb0_5 .array/port v0x134081cb0, 5;
v0x134081cb0_6 .array/port v0x134081cb0, 6;
E_0x134081ba0/1 .event anyedge, v0x134081cb0_3, v0x134081cb0_4, v0x134081cb0_5, v0x134081cb0_6;
v0x134081cb0_7 .array/port v0x134081cb0, 7;
v0x134081cb0_8 .array/port v0x134081cb0, 8;
v0x134081cb0_9 .array/port v0x134081cb0, 9;
v0x134081cb0_10 .array/port v0x134081cb0, 10;
E_0x134081ba0/2 .event anyedge, v0x134081cb0_7, v0x134081cb0_8, v0x134081cb0_9, v0x134081cb0_10;
v0x134081cb0_11 .array/port v0x134081cb0, 11;
v0x134081cb0_12 .array/port v0x134081cb0, 12;
v0x134081cb0_13 .array/port v0x134081cb0, 13;
v0x134081cb0_14 .array/port v0x134081cb0, 14;
E_0x134081ba0/3 .event anyedge, v0x134081cb0_11, v0x134081cb0_12, v0x134081cb0_13, v0x134081cb0_14;
v0x134081cb0_15 .array/port v0x134081cb0, 15;
v0x134081cb0_16 .array/port v0x134081cb0, 16;
v0x134081cb0_17 .array/port v0x134081cb0, 17;
v0x134081cb0_18 .array/port v0x134081cb0, 18;
E_0x134081ba0/4 .event anyedge, v0x134081cb0_15, v0x134081cb0_16, v0x134081cb0_17, v0x134081cb0_18;
v0x134081cb0_19 .array/port v0x134081cb0, 19;
v0x134081cb0_20 .array/port v0x134081cb0, 20;
v0x134081cb0_21 .array/port v0x134081cb0, 21;
v0x134081cb0_22 .array/port v0x134081cb0, 22;
E_0x134081ba0/5 .event anyedge, v0x134081cb0_19, v0x134081cb0_20, v0x134081cb0_21, v0x134081cb0_22;
v0x134081cb0_23 .array/port v0x134081cb0, 23;
v0x134081cb0_24 .array/port v0x134081cb0, 24;
v0x134081cb0_25 .array/port v0x134081cb0, 25;
v0x134081cb0_26 .array/port v0x134081cb0, 26;
E_0x134081ba0/6 .event anyedge, v0x134081cb0_23, v0x134081cb0_24, v0x134081cb0_25, v0x134081cb0_26;
v0x134081cb0_27 .array/port v0x134081cb0, 27;
v0x134081cb0_28 .array/port v0x134081cb0, 28;
v0x134081cb0_29 .array/port v0x134081cb0, 29;
v0x134081cb0_30 .array/port v0x134081cb0, 30;
E_0x134081ba0/7 .event anyedge, v0x134081cb0_27, v0x134081cb0_28, v0x134081cb0_29, v0x134081cb0_30;
v0x134081cb0_31 .array/port v0x134081cb0, 31;
v0x134081cb0_32 .array/port v0x134081cb0, 32;
v0x134081cb0_33 .array/port v0x134081cb0, 33;
v0x134081cb0_34 .array/port v0x134081cb0, 34;
E_0x134081ba0/8 .event anyedge, v0x134081cb0_31, v0x134081cb0_32, v0x134081cb0_33, v0x134081cb0_34;
v0x134081cb0_35 .array/port v0x134081cb0, 35;
v0x134081cb0_36 .array/port v0x134081cb0, 36;
v0x134081cb0_37 .array/port v0x134081cb0, 37;
v0x134081cb0_38 .array/port v0x134081cb0, 38;
E_0x134081ba0/9 .event anyedge, v0x134081cb0_35, v0x134081cb0_36, v0x134081cb0_37, v0x134081cb0_38;
v0x134081cb0_39 .array/port v0x134081cb0, 39;
v0x134081cb0_40 .array/port v0x134081cb0, 40;
v0x134081cb0_41 .array/port v0x134081cb0, 41;
v0x134081cb0_42 .array/port v0x134081cb0, 42;
E_0x134081ba0/10 .event anyedge, v0x134081cb0_39, v0x134081cb0_40, v0x134081cb0_41, v0x134081cb0_42;
v0x134081cb0_43 .array/port v0x134081cb0, 43;
v0x134081cb0_44 .array/port v0x134081cb0, 44;
v0x134081cb0_45 .array/port v0x134081cb0, 45;
v0x134081cb0_46 .array/port v0x134081cb0, 46;
E_0x134081ba0/11 .event anyedge, v0x134081cb0_43, v0x134081cb0_44, v0x134081cb0_45, v0x134081cb0_46;
v0x134081cb0_47 .array/port v0x134081cb0, 47;
v0x134081cb0_48 .array/port v0x134081cb0, 48;
v0x134081cb0_49 .array/port v0x134081cb0, 49;
v0x134081cb0_50 .array/port v0x134081cb0, 50;
E_0x134081ba0/12 .event anyedge, v0x134081cb0_47, v0x134081cb0_48, v0x134081cb0_49, v0x134081cb0_50;
v0x134081cb0_51 .array/port v0x134081cb0, 51;
v0x134081cb0_52 .array/port v0x134081cb0, 52;
v0x134081cb0_53 .array/port v0x134081cb0, 53;
v0x134081cb0_54 .array/port v0x134081cb0, 54;
E_0x134081ba0/13 .event anyedge, v0x134081cb0_51, v0x134081cb0_52, v0x134081cb0_53, v0x134081cb0_54;
v0x134081cb0_55 .array/port v0x134081cb0, 55;
v0x134081cb0_56 .array/port v0x134081cb0, 56;
v0x134081cb0_57 .array/port v0x134081cb0, 57;
v0x134081cb0_58 .array/port v0x134081cb0, 58;
E_0x134081ba0/14 .event anyedge, v0x134081cb0_55, v0x134081cb0_56, v0x134081cb0_57, v0x134081cb0_58;
v0x134081cb0_59 .array/port v0x134081cb0, 59;
v0x134081cb0_60 .array/port v0x134081cb0, 60;
v0x134081cb0_61 .array/port v0x134081cb0, 61;
v0x134081cb0_62 .array/port v0x134081cb0, 62;
E_0x134081ba0/15 .event anyedge, v0x134081cb0_59, v0x134081cb0_60, v0x134081cb0_61, v0x134081cb0_62;
v0x134081cb0_63 .array/port v0x134081cb0, 63;
v0x134081cb0_64 .array/port v0x134081cb0, 64;
v0x134081cb0_65 .array/port v0x134081cb0, 65;
v0x134081cb0_66 .array/port v0x134081cb0, 66;
E_0x134081ba0/16 .event anyedge, v0x134081cb0_63, v0x134081cb0_64, v0x134081cb0_65, v0x134081cb0_66;
v0x134081cb0_67 .array/port v0x134081cb0, 67;
v0x134081cb0_68 .array/port v0x134081cb0, 68;
v0x134081cb0_69 .array/port v0x134081cb0, 69;
v0x134081cb0_70 .array/port v0x134081cb0, 70;
E_0x134081ba0/17 .event anyedge, v0x134081cb0_67, v0x134081cb0_68, v0x134081cb0_69, v0x134081cb0_70;
v0x134081cb0_71 .array/port v0x134081cb0, 71;
v0x134081cb0_72 .array/port v0x134081cb0, 72;
v0x134081cb0_73 .array/port v0x134081cb0, 73;
v0x134081cb0_74 .array/port v0x134081cb0, 74;
E_0x134081ba0/18 .event anyedge, v0x134081cb0_71, v0x134081cb0_72, v0x134081cb0_73, v0x134081cb0_74;
v0x134081cb0_75 .array/port v0x134081cb0, 75;
v0x134081cb0_76 .array/port v0x134081cb0, 76;
v0x134081cb0_77 .array/port v0x134081cb0, 77;
v0x134081cb0_78 .array/port v0x134081cb0, 78;
E_0x134081ba0/19 .event anyedge, v0x134081cb0_75, v0x134081cb0_76, v0x134081cb0_77, v0x134081cb0_78;
v0x134081cb0_79 .array/port v0x134081cb0, 79;
v0x134081cb0_80 .array/port v0x134081cb0, 80;
v0x134081cb0_81 .array/port v0x134081cb0, 81;
v0x134081cb0_82 .array/port v0x134081cb0, 82;
E_0x134081ba0/20 .event anyedge, v0x134081cb0_79, v0x134081cb0_80, v0x134081cb0_81, v0x134081cb0_82;
v0x134081cb0_83 .array/port v0x134081cb0, 83;
v0x134081cb0_84 .array/port v0x134081cb0, 84;
v0x134081cb0_85 .array/port v0x134081cb0, 85;
v0x134081cb0_86 .array/port v0x134081cb0, 86;
E_0x134081ba0/21 .event anyedge, v0x134081cb0_83, v0x134081cb0_84, v0x134081cb0_85, v0x134081cb0_86;
v0x134081cb0_87 .array/port v0x134081cb0, 87;
v0x134081cb0_88 .array/port v0x134081cb0, 88;
v0x134081cb0_89 .array/port v0x134081cb0, 89;
v0x134081cb0_90 .array/port v0x134081cb0, 90;
E_0x134081ba0/22 .event anyedge, v0x134081cb0_87, v0x134081cb0_88, v0x134081cb0_89, v0x134081cb0_90;
v0x134081cb0_91 .array/port v0x134081cb0, 91;
v0x134081cb0_92 .array/port v0x134081cb0, 92;
v0x134081cb0_93 .array/port v0x134081cb0, 93;
v0x134081cb0_94 .array/port v0x134081cb0, 94;
E_0x134081ba0/23 .event anyedge, v0x134081cb0_91, v0x134081cb0_92, v0x134081cb0_93, v0x134081cb0_94;
v0x134081cb0_95 .array/port v0x134081cb0, 95;
v0x134081cb0_96 .array/port v0x134081cb0, 96;
v0x134081cb0_97 .array/port v0x134081cb0, 97;
v0x134081cb0_98 .array/port v0x134081cb0, 98;
E_0x134081ba0/24 .event anyedge, v0x134081cb0_95, v0x134081cb0_96, v0x134081cb0_97, v0x134081cb0_98;
v0x134081cb0_99 .array/port v0x134081cb0, 99;
v0x134081cb0_100 .array/port v0x134081cb0, 100;
v0x134081cb0_101 .array/port v0x134081cb0, 101;
v0x134081cb0_102 .array/port v0x134081cb0, 102;
E_0x134081ba0/25 .event anyedge, v0x134081cb0_99, v0x134081cb0_100, v0x134081cb0_101, v0x134081cb0_102;
v0x134081cb0_103 .array/port v0x134081cb0, 103;
v0x134081cb0_104 .array/port v0x134081cb0, 104;
v0x134081cb0_105 .array/port v0x134081cb0, 105;
v0x134081cb0_106 .array/port v0x134081cb0, 106;
E_0x134081ba0/26 .event anyedge, v0x134081cb0_103, v0x134081cb0_104, v0x134081cb0_105, v0x134081cb0_106;
v0x134081cb0_107 .array/port v0x134081cb0, 107;
v0x134081cb0_108 .array/port v0x134081cb0, 108;
v0x134081cb0_109 .array/port v0x134081cb0, 109;
v0x134081cb0_110 .array/port v0x134081cb0, 110;
E_0x134081ba0/27 .event anyedge, v0x134081cb0_107, v0x134081cb0_108, v0x134081cb0_109, v0x134081cb0_110;
v0x134081cb0_111 .array/port v0x134081cb0, 111;
v0x134081cb0_112 .array/port v0x134081cb0, 112;
v0x134081cb0_113 .array/port v0x134081cb0, 113;
v0x134081cb0_114 .array/port v0x134081cb0, 114;
E_0x134081ba0/28 .event anyedge, v0x134081cb0_111, v0x134081cb0_112, v0x134081cb0_113, v0x134081cb0_114;
v0x134081cb0_115 .array/port v0x134081cb0, 115;
v0x134081cb0_116 .array/port v0x134081cb0, 116;
v0x134081cb0_117 .array/port v0x134081cb0, 117;
v0x134081cb0_118 .array/port v0x134081cb0, 118;
E_0x134081ba0/29 .event anyedge, v0x134081cb0_115, v0x134081cb0_116, v0x134081cb0_117, v0x134081cb0_118;
v0x134081cb0_119 .array/port v0x134081cb0, 119;
v0x134081cb0_120 .array/port v0x134081cb0, 120;
v0x134081cb0_121 .array/port v0x134081cb0, 121;
v0x134081cb0_122 .array/port v0x134081cb0, 122;
E_0x134081ba0/30 .event anyedge, v0x134081cb0_119, v0x134081cb0_120, v0x134081cb0_121, v0x134081cb0_122;
v0x134081cb0_123 .array/port v0x134081cb0, 123;
v0x134081cb0_124 .array/port v0x134081cb0, 124;
v0x134081cb0_125 .array/port v0x134081cb0, 125;
v0x134081cb0_126 .array/port v0x134081cb0, 126;
E_0x134081ba0/31 .event anyedge, v0x134081cb0_123, v0x134081cb0_124, v0x134081cb0_125, v0x134081cb0_126;
v0x134081cb0_127 .array/port v0x134081cb0, 127;
v0x134081cb0_128 .array/port v0x134081cb0, 128;
v0x134081cb0_129 .array/port v0x134081cb0, 129;
v0x134081cb0_130 .array/port v0x134081cb0, 130;
E_0x134081ba0/32 .event anyedge, v0x134081cb0_127, v0x134081cb0_128, v0x134081cb0_129, v0x134081cb0_130;
v0x134081cb0_131 .array/port v0x134081cb0, 131;
v0x134081cb0_132 .array/port v0x134081cb0, 132;
v0x134081cb0_133 .array/port v0x134081cb0, 133;
v0x134081cb0_134 .array/port v0x134081cb0, 134;
E_0x134081ba0/33 .event anyedge, v0x134081cb0_131, v0x134081cb0_132, v0x134081cb0_133, v0x134081cb0_134;
v0x134081cb0_135 .array/port v0x134081cb0, 135;
v0x134081cb0_136 .array/port v0x134081cb0, 136;
v0x134081cb0_137 .array/port v0x134081cb0, 137;
v0x134081cb0_138 .array/port v0x134081cb0, 138;
E_0x134081ba0/34 .event anyedge, v0x134081cb0_135, v0x134081cb0_136, v0x134081cb0_137, v0x134081cb0_138;
v0x134081cb0_139 .array/port v0x134081cb0, 139;
v0x134081cb0_140 .array/port v0x134081cb0, 140;
v0x134081cb0_141 .array/port v0x134081cb0, 141;
v0x134081cb0_142 .array/port v0x134081cb0, 142;
E_0x134081ba0/35 .event anyedge, v0x134081cb0_139, v0x134081cb0_140, v0x134081cb0_141, v0x134081cb0_142;
v0x134081cb0_143 .array/port v0x134081cb0, 143;
v0x134081cb0_144 .array/port v0x134081cb0, 144;
v0x134081cb0_145 .array/port v0x134081cb0, 145;
v0x134081cb0_146 .array/port v0x134081cb0, 146;
E_0x134081ba0/36 .event anyedge, v0x134081cb0_143, v0x134081cb0_144, v0x134081cb0_145, v0x134081cb0_146;
v0x134081cb0_147 .array/port v0x134081cb0, 147;
v0x134081cb0_148 .array/port v0x134081cb0, 148;
v0x134081cb0_149 .array/port v0x134081cb0, 149;
v0x134081cb0_150 .array/port v0x134081cb0, 150;
E_0x134081ba0/37 .event anyedge, v0x134081cb0_147, v0x134081cb0_148, v0x134081cb0_149, v0x134081cb0_150;
v0x134081cb0_151 .array/port v0x134081cb0, 151;
v0x134081cb0_152 .array/port v0x134081cb0, 152;
v0x134081cb0_153 .array/port v0x134081cb0, 153;
v0x134081cb0_154 .array/port v0x134081cb0, 154;
E_0x134081ba0/38 .event anyedge, v0x134081cb0_151, v0x134081cb0_152, v0x134081cb0_153, v0x134081cb0_154;
v0x134081cb0_155 .array/port v0x134081cb0, 155;
v0x134081cb0_156 .array/port v0x134081cb0, 156;
v0x134081cb0_157 .array/port v0x134081cb0, 157;
v0x134081cb0_158 .array/port v0x134081cb0, 158;
E_0x134081ba0/39 .event anyedge, v0x134081cb0_155, v0x134081cb0_156, v0x134081cb0_157, v0x134081cb0_158;
v0x134081cb0_159 .array/port v0x134081cb0, 159;
v0x134081cb0_160 .array/port v0x134081cb0, 160;
v0x134081cb0_161 .array/port v0x134081cb0, 161;
v0x134081cb0_162 .array/port v0x134081cb0, 162;
E_0x134081ba0/40 .event anyedge, v0x134081cb0_159, v0x134081cb0_160, v0x134081cb0_161, v0x134081cb0_162;
v0x134081cb0_163 .array/port v0x134081cb0, 163;
v0x134081cb0_164 .array/port v0x134081cb0, 164;
v0x134081cb0_165 .array/port v0x134081cb0, 165;
v0x134081cb0_166 .array/port v0x134081cb0, 166;
E_0x134081ba0/41 .event anyedge, v0x134081cb0_163, v0x134081cb0_164, v0x134081cb0_165, v0x134081cb0_166;
v0x134081cb0_167 .array/port v0x134081cb0, 167;
v0x134081cb0_168 .array/port v0x134081cb0, 168;
v0x134081cb0_169 .array/port v0x134081cb0, 169;
v0x134081cb0_170 .array/port v0x134081cb0, 170;
E_0x134081ba0/42 .event anyedge, v0x134081cb0_167, v0x134081cb0_168, v0x134081cb0_169, v0x134081cb0_170;
v0x134081cb0_171 .array/port v0x134081cb0, 171;
v0x134081cb0_172 .array/port v0x134081cb0, 172;
v0x134081cb0_173 .array/port v0x134081cb0, 173;
v0x134081cb0_174 .array/port v0x134081cb0, 174;
E_0x134081ba0/43 .event anyedge, v0x134081cb0_171, v0x134081cb0_172, v0x134081cb0_173, v0x134081cb0_174;
v0x134081cb0_175 .array/port v0x134081cb0, 175;
v0x134081cb0_176 .array/port v0x134081cb0, 176;
v0x134081cb0_177 .array/port v0x134081cb0, 177;
v0x134081cb0_178 .array/port v0x134081cb0, 178;
E_0x134081ba0/44 .event anyedge, v0x134081cb0_175, v0x134081cb0_176, v0x134081cb0_177, v0x134081cb0_178;
v0x134081cb0_179 .array/port v0x134081cb0, 179;
v0x134081cb0_180 .array/port v0x134081cb0, 180;
v0x134081cb0_181 .array/port v0x134081cb0, 181;
v0x134081cb0_182 .array/port v0x134081cb0, 182;
E_0x134081ba0/45 .event anyedge, v0x134081cb0_179, v0x134081cb0_180, v0x134081cb0_181, v0x134081cb0_182;
v0x134081cb0_183 .array/port v0x134081cb0, 183;
v0x134081cb0_184 .array/port v0x134081cb0, 184;
v0x134081cb0_185 .array/port v0x134081cb0, 185;
v0x134081cb0_186 .array/port v0x134081cb0, 186;
E_0x134081ba0/46 .event anyedge, v0x134081cb0_183, v0x134081cb0_184, v0x134081cb0_185, v0x134081cb0_186;
v0x134081cb0_187 .array/port v0x134081cb0, 187;
v0x134081cb0_188 .array/port v0x134081cb0, 188;
v0x134081cb0_189 .array/port v0x134081cb0, 189;
v0x134081cb0_190 .array/port v0x134081cb0, 190;
E_0x134081ba0/47 .event anyedge, v0x134081cb0_187, v0x134081cb0_188, v0x134081cb0_189, v0x134081cb0_190;
v0x134081cb0_191 .array/port v0x134081cb0, 191;
v0x134081cb0_192 .array/port v0x134081cb0, 192;
v0x134081cb0_193 .array/port v0x134081cb0, 193;
v0x134081cb0_194 .array/port v0x134081cb0, 194;
E_0x134081ba0/48 .event anyedge, v0x134081cb0_191, v0x134081cb0_192, v0x134081cb0_193, v0x134081cb0_194;
v0x134081cb0_195 .array/port v0x134081cb0, 195;
v0x134081cb0_196 .array/port v0x134081cb0, 196;
v0x134081cb0_197 .array/port v0x134081cb0, 197;
v0x134081cb0_198 .array/port v0x134081cb0, 198;
E_0x134081ba0/49 .event anyedge, v0x134081cb0_195, v0x134081cb0_196, v0x134081cb0_197, v0x134081cb0_198;
v0x134081cb0_199 .array/port v0x134081cb0, 199;
v0x134081cb0_200 .array/port v0x134081cb0, 200;
v0x134081cb0_201 .array/port v0x134081cb0, 201;
v0x134081cb0_202 .array/port v0x134081cb0, 202;
E_0x134081ba0/50 .event anyedge, v0x134081cb0_199, v0x134081cb0_200, v0x134081cb0_201, v0x134081cb0_202;
v0x134081cb0_203 .array/port v0x134081cb0, 203;
v0x134081cb0_204 .array/port v0x134081cb0, 204;
v0x134081cb0_205 .array/port v0x134081cb0, 205;
v0x134081cb0_206 .array/port v0x134081cb0, 206;
E_0x134081ba0/51 .event anyedge, v0x134081cb0_203, v0x134081cb0_204, v0x134081cb0_205, v0x134081cb0_206;
v0x134081cb0_207 .array/port v0x134081cb0, 207;
v0x134081cb0_208 .array/port v0x134081cb0, 208;
v0x134081cb0_209 .array/port v0x134081cb0, 209;
v0x134081cb0_210 .array/port v0x134081cb0, 210;
E_0x134081ba0/52 .event anyedge, v0x134081cb0_207, v0x134081cb0_208, v0x134081cb0_209, v0x134081cb0_210;
v0x134081cb0_211 .array/port v0x134081cb0, 211;
v0x134081cb0_212 .array/port v0x134081cb0, 212;
v0x134081cb0_213 .array/port v0x134081cb0, 213;
v0x134081cb0_214 .array/port v0x134081cb0, 214;
E_0x134081ba0/53 .event anyedge, v0x134081cb0_211, v0x134081cb0_212, v0x134081cb0_213, v0x134081cb0_214;
v0x134081cb0_215 .array/port v0x134081cb0, 215;
v0x134081cb0_216 .array/port v0x134081cb0, 216;
v0x134081cb0_217 .array/port v0x134081cb0, 217;
v0x134081cb0_218 .array/port v0x134081cb0, 218;
E_0x134081ba0/54 .event anyedge, v0x134081cb0_215, v0x134081cb0_216, v0x134081cb0_217, v0x134081cb0_218;
v0x134081cb0_219 .array/port v0x134081cb0, 219;
v0x134081cb0_220 .array/port v0x134081cb0, 220;
v0x134081cb0_221 .array/port v0x134081cb0, 221;
v0x134081cb0_222 .array/port v0x134081cb0, 222;
E_0x134081ba0/55 .event anyedge, v0x134081cb0_219, v0x134081cb0_220, v0x134081cb0_221, v0x134081cb0_222;
v0x134081cb0_223 .array/port v0x134081cb0, 223;
v0x134081cb0_224 .array/port v0x134081cb0, 224;
v0x134081cb0_225 .array/port v0x134081cb0, 225;
v0x134081cb0_226 .array/port v0x134081cb0, 226;
E_0x134081ba0/56 .event anyedge, v0x134081cb0_223, v0x134081cb0_224, v0x134081cb0_225, v0x134081cb0_226;
v0x134081cb0_227 .array/port v0x134081cb0, 227;
v0x134081cb0_228 .array/port v0x134081cb0, 228;
v0x134081cb0_229 .array/port v0x134081cb0, 229;
v0x134081cb0_230 .array/port v0x134081cb0, 230;
E_0x134081ba0/57 .event anyedge, v0x134081cb0_227, v0x134081cb0_228, v0x134081cb0_229, v0x134081cb0_230;
v0x134081cb0_231 .array/port v0x134081cb0, 231;
v0x134081cb0_232 .array/port v0x134081cb0, 232;
v0x134081cb0_233 .array/port v0x134081cb0, 233;
v0x134081cb0_234 .array/port v0x134081cb0, 234;
E_0x134081ba0/58 .event anyedge, v0x134081cb0_231, v0x134081cb0_232, v0x134081cb0_233, v0x134081cb0_234;
v0x134081cb0_235 .array/port v0x134081cb0, 235;
v0x134081cb0_236 .array/port v0x134081cb0, 236;
v0x134081cb0_237 .array/port v0x134081cb0, 237;
v0x134081cb0_238 .array/port v0x134081cb0, 238;
E_0x134081ba0/59 .event anyedge, v0x134081cb0_235, v0x134081cb0_236, v0x134081cb0_237, v0x134081cb0_238;
v0x134081cb0_239 .array/port v0x134081cb0, 239;
v0x134081cb0_240 .array/port v0x134081cb0, 240;
v0x134081cb0_241 .array/port v0x134081cb0, 241;
v0x134081cb0_242 .array/port v0x134081cb0, 242;
E_0x134081ba0/60 .event anyedge, v0x134081cb0_239, v0x134081cb0_240, v0x134081cb0_241, v0x134081cb0_242;
v0x134081cb0_243 .array/port v0x134081cb0, 243;
v0x134081cb0_244 .array/port v0x134081cb0, 244;
v0x134081cb0_245 .array/port v0x134081cb0, 245;
v0x134081cb0_246 .array/port v0x134081cb0, 246;
E_0x134081ba0/61 .event anyedge, v0x134081cb0_243, v0x134081cb0_244, v0x134081cb0_245, v0x134081cb0_246;
v0x134081cb0_247 .array/port v0x134081cb0, 247;
v0x134081cb0_248 .array/port v0x134081cb0, 248;
v0x134081cb0_249 .array/port v0x134081cb0, 249;
v0x134081cb0_250 .array/port v0x134081cb0, 250;
E_0x134081ba0/62 .event anyedge, v0x134081cb0_247, v0x134081cb0_248, v0x134081cb0_249, v0x134081cb0_250;
v0x134081cb0_251 .array/port v0x134081cb0, 251;
v0x134081cb0_252 .array/port v0x134081cb0, 252;
v0x134081cb0_253 .array/port v0x134081cb0, 253;
v0x134081cb0_254 .array/port v0x134081cb0, 254;
E_0x134081ba0/63 .event anyedge, v0x134081cb0_251, v0x134081cb0_252, v0x134081cb0_253, v0x134081cb0_254;
v0x134081cb0_255 .array/port v0x134081cb0, 255;
E_0x134081ba0/64 .event anyedge, v0x134081cb0_255;
E_0x134081ba0 .event/or E_0x134081ba0/0, E_0x134081ba0/1, E_0x134081ba0/2, E_0x134081ba0/3, E_0x134081ba0/4, E_0x134081ba0/5, E_0x134081ba0/6, E_0x134081ba0/7, E_0x134081ba0/8, E_0x134081ba0/9, E_0x134081ba0/10, E_0x134081ba0/11, E_0x134081ba0/12, E_0x134081ba0/13, E_0x134081ba0/14, E_0x134081ba0/15, E_0x134081ba0/16, E_0x134081ba0/17, E_0x134081ba0/18, E_0x134081ba0/19, E_0x134081ba0/20, E_0x134081ba0/21, E_0x134081ba0/22, E_0x134081ba0/23, E_0x134081ba0/24, E_0x134081ba0/25, E_0x134081ba0/26, E_0x134081ba0/27, E_0x134081ba0/28, E_0x134081ba0/29, E_0x134081ba0/30, E_0x134081ba0/31, E_0x134081ba0/32, E_0x134081ba0/33, E_0x134081ba0/34, E_0x134081ba0/35, E_0x134081ba0/36, E_0x134081ba0/37, E_0x134081ba0/38, E_0x134081ba0/39, E_0x134081ba0/40, E_0x134081ba0/41, E_0x134081ba0/42, E_0x134081ba0/43, E_0x134081ba0/44, E_0x134081ba0/45, E_0x134081ba0/46, E_0x134081ba0/47, E_0x134081ba0/48, E_0x134081ba0/49, E_0x134081ba0/50, E_0x134081ba0/51, E_0x134081ba0/52, E_0x134081ba0/53, E_0x134081ba0/54, E_0x134081ba0/55, E_0x134081ba0/56, E_0x134081ba0/57, E_0x134081ba0/58, E_0x134081ba0/59, E_0x134081ba0/60, E_0x134081ba0/61, E_0x134081ba0/62, E_0x134081ba0/63, E_0x134081ba0/64;
S_0x134082e30 .scope module, "u_mcu" "ctrl_main" 3 143, 14 1 0, S_0x134073f10;
 .timescale -9 -12;
    .port_info 0 /INPUT 6 "opcode_id";
    .port_info 1 /OUTPUT 1 "ctrl_regdst_id";
    .port_info 2 /OUTPUT 1 "ctrl_jump_id";
    .port_info 3 /OUTPUT 1 "ctrl_branch_id";
    .port_info 4 /OUTPUT 1 "ctrl_memread_id";
    .port_info 5 /OUTPUT 1 "ctrl_memtoreg_id";
    .port_info 6 /OUTPUT 1 "ctrl_memwrite_id";
    .port_info 7 /OUTPUT 1 "ctrl_alusrc_id";
    .port_info 8 /OUTPUT 1 "ctrl_regwrite_id";
    .port_info 9 /OUTPUT 2 "ctrl_aluop_id";
v0x134083180_0 .var "ctrl_aluop_id", 1 0;
v0x134083250_0 .var "ctrl_alusrc_id", 0 0;
v0x134083300_0 .var "ctrl_branch_id", 0 0;
v0x1340833d0_0 .var "ctrl_jump_id", 0 0;
v0x134083460_0 .var "ctrl_memread_id", 0 0;
v0x134083530_0 .var "ctrl_memtoreg_id", 0 0;
v0x1340835e0_0 .var "ctrl_memwrite_id", 0 0;
v0x134083690_0 .var "ctrl_regdst_id", 0 0;
v0x134083740_0 .var "ctrl_regwrite_id", 0 0;
v0x134083850_0 .net "opcode_id", 5 0, L_0x1340898d0;  alias, 1 drivers
E_0x134083130 .event anyedge, v0x13407d170_0;
S_0x134083950 .scope module, "u_memwb" "pipe_mem_wb" 3 240, 15 1 0, S_0x134073f10;
 .timescale -9 -12;
    .port_info 0 /INPUT 1 "clk";
    .port_info 1 /INPUT 1 "ctrl_memtoreg_mem";
    .port_info 2 /INPUT 1 "ctrl_regwrite_mem";
    .port_info 3 /INPUT 32 "readdata_mem";
    .port_info 4 /INPUT 32 "aluout_mem";
    .port_info 5 /INPUT 5 "writereg_mem";
    .port_info 6 /OUTPUT 1 "ctrl_memtoreg_wb";
    .port_info 7 /OUTPUT 1 "ctrl_regwrite_wb";
    .port_info 8 /OUTPUT 32 "readdata_wb";
    .port_info 9 /OUTPUT 32 "aluout_wb";
    .port_info 10 /OUTPUT 5 "writereg_wb";
v0x134083c30_0 .net "aluout_mem", 31 0, v0x13407e700_0;  alias, 1 drivers
v0x134083d20_0 .var "aluout_wb", 31 0;
v0x134083dc0_0 .net "clk", 0 0, v0x1340891a0_0;  alias, 1 drivers
v0x134083ef0_0 .net "ctrl_memtoreg_mem", 0 0, v0x13407ed40_0;  alias, 1 drivers
v0x134083fa0_0 .var "ctrl_memtoreg_wb", 0 0;
v0x134084030_0 .net "ctrl_regwrite_mem", 0 0, v0x13407ef80_0;  alias, 1 drivers
v0x1340840c0_0 .var "ctrl_regwrite_wb", 0 0;
v0x134084150_0 .net "readdata_mem", 31 0, L_0x13408b420;  alias, 1 drivers
v0x134084200_0 .var "readdata_wb", 31 0;
v0x134084310_0 .net "writereg_mem", 4 0, v0x13407f460_0;  alias, 1 drivers
v0x1340843d0_0 .var "writereg_wb", 4 0;
S_0x134084540 .scope module, "u_rf" "reg_file" 3 93, 16 1 0, S_0x134073f10;
 .timescale -9 -12;
    .port_info 0 /INPUT 1 "clk";
    .port_info 1 /INPUT 5 "rs_id";
    .port_info 2 /INPUT 5 "rt_id";
    .port_info 3 /INPUT 5 "writereg_wb";
    .port_info 4 /INPUT 32 "datatowritereg";
    .port_info 5 /INPUT 1 "ctrl_regwrite_wb";
    .port_info 6 /OUTPUT 32 "readdata1_id";
    .port_info 7 /OUTPUT 32 "readdata2_id";
L_0x13408a6e0 .functor BUFZ 32, L_0x13408a5a0, C4<00000000000000000000000000000000>, C4<00000000000000000000000000000000>, C4<00000000000000000000000000000000>;
L_0x13408a950 .functor BUFZ 32, L_0x13408a790, C4<00000000000000000000000000000000>, C4<00000000000000000000000000000000>, C4<00000000000000000000000000000000>;
v0x134084800 .array "RF", 0 31, 31 0;
v0x134084bb0_0 .net *"_ivl_0", 31 0, L_0x13408a5a0;  1 drivers
v0x134084c50_0 .net *"_ivl_10", 6 0, L_0x13408a830;  1 drivers
L_0x128078178 .functor BUFT 1, C4<00>, C4<0>, C4<0>, C4<0>;
v0x134084ce0_0 .net *"_ivl_13", 1 0, L_0x128078178;  1 drivers
v0x134084d70_0 .net *"_ivl_2", 6 0, L_0x13408a640;  1 drivers
L_0x128078130 .functor BUFT 1, C4<00>, C4<0>, C4<0>, C4<0>;
v0x134084e60_0 .net *"_ivl_5", 1 0, L_0x128078130;  1 drivers
v0x134084f10_0 .net *"_ivl_8", 31 0, L_0x13408a790;  1 drivers
v0x134084fc0_0 .net "clk", 0 0, v0x1340891a0_0;  alias, 1 drivers
v0x134085050_0 .net "ctrl_regwrite_wb", 0 0, v0x1340840c0_0;  alias, 1 drivers
v0x134085160_0 .net "datatowritereg", 31 0, L_0x13408b8b0;  alias, 1 drivers
v0x1340851f0_0 .net "readdata1_id", 31 0, L_0x13408a6e0;  alias, 1 drivers
v0x134085280_0 .net "readdata2_id", 31 0, L_0x13408a950;  alias, 1 drivers
v0x134085330_0 .net "rs_id", 4 0, L_0x1340899f0;  alias, 1 drivers
v0x1340853e0_0 .net "rt_id", 4 0, L_0x134089a90;  alias, 1 drivers
v0x1340854b0_0 .net "writereg_wb", 4 0, v0x1340843d0_0;  alias, 1 drivers
L_0x13408a5a0 .array/port v0x134084800, L_0x13408a640;
L_0x13408a640 .concat [ 5 2 0 0], L_0x1340899f0, L_0x128078130;
L_0x13408a790 .array/port v0x134084800, L_0x13408a830;
L_0x13408a830 .concat [ 5 2 0 0], L_0x134089a90, L_0x128078178;
    .scope S_0x1340819e0;
T_0 ;
    %vpi_call 13 9 "$readmemh", "program.hex", v0x134081cb0 {0 0 0};
    %end;
    .thread T_0;
    .scope S_0x1340819e0;
T_1 ;
    %wait E_0x134081ba0;
    %load/vec4 v0x134082d40_0;
    %parti/s 8, 2, 3;
    %pad/u 10;
    %ix/vec4 4;
    %load/vec4a v0x134081cb0, 4;
    %store/vec4 v0x134081be0_0, 0, 32;
    %jmp T_1;
    .thread T_1, $push;
    .scope S_0x134081400;
T_2 ;
    %wait E_0x13407d860;
    %load/vec4 v0x134081880_0;
    %assign/vec4 v0x1340817c0_0, 0;
    %load/vec4 v0x134081730_0;
    %assign/vec4 v0x134081690_0, 0;
    %jmp T_2;
    .thread T_2;
    .scope S_0x134084540;
T_3 ;
    %pushi/vec4 0, 0, 32;
    %ix/load 4, 0, 0;
    %flag_set/imm 4, 0;
    %store/vec4a v0x134084800, 4, 0;
    %pushi/vec4 0, 0, 32;
    %ix/load 4, 8, 0;
    %flag_set/imm 4, 0;
    %store/vec4a v0x134084800, 4, 0;
    %pushi/vec4 10, 0, 32;
    %ix/load 4, 9, 0;
    %flag_set/imm 4, 0;
    %store/vec4a v0x134084800, 4, 0;
    %pushi/vec4 20, 0, 32;
    %ix/load 4, 10, 0;
    %flag_set/imm 4, 0;
    %store/vec4a v0x134084800, 4, 0;
    %pushi/vec4 100, 0, 32;
    %ix/load 4, 12, 0;
    %flag_set/imm 4, 0;
    %store/vec4a v0x134084800, 4, 0;
    %pushi/vec4 7, 0, 32;
    %ix/load 4, 13, 0;
    %flag_set/imm 4, 0;
    %store/vec4a v0x134084800, 4, 0;
    %pushi/vec4 4294902015, 0, 32;
    %ix/load 4, 15, 0;
    %flag_set/imm 4, 0;
    %store/vec4a v0x134084800, 4, 0;
    %pushi/vec4 252645135, 0, 32;
    %ix/load 4, 24, 0;
    %flag_set/imm 4, 0;
    %store/vec4a v0x134084800, 4, 0;
    %end;
    .thread T_3;
    .scope S_0x134084540;
T_4 ;
    %wait E_0x13407d860;
    %load/vec4 v0x134085050_0;
    %flag_set/vec4 9;
    %flag_get/vec4 9;
    %jmp/0 T_4.2, 9;
    %load/vec4 v0x1340854b0_0;
    %pushi/vec4 0, 0, 5;
    %cmp/ne;
    %flag_get/vec4 4;
    %and;
T_4.2;
    %flag_set/vec4 8;
    %jmp/0xz  T_4.0, 8;
    %load/vec4 v0x134085160_0;
    %load/vec4 v0x1340854b0_0;
    %pad/u 7;
    %ix/vec4 3;
    %ix/load 4, 0, 0; Constant delay
    %assign/vec4/a/d v0x134084800, 0, 4;
T_4.0 ;
    %jmp T_4;
    .thread T_4;
    .scope S_0x13407f6a0;
T_5 ;
    %wait E_0x13407d860;
    %load/vec4 v0x134080520_0;
    %assign/vec4 v0x134080490_0, 0;
    %load/vec4 v0x13407ffe0_0;
    %assign/vec4 v0x13407ff50_0, 0;
    %load/vec4 v0x134080120_0;
    %assign/vec4 v0x134080070_0, 0;
    %load/vec4 v0x1340802e0_0;
    %assign/vec4 v0x134080230_0, 0;
    %load/vec4 v0x13407fd30_0;
    %assign/vec4 v0x13407e3c0_0, 0;
    %load/vec4 v0x134080400_0;
    %assign/vec4 v0x134080370_0, 0;
    %load/vec4 v0x13407fe70_0;
    %assign/vec4 v0x13407fde0_0, 0;
    %load/vec4 v0x134080660_0;
    %assign/vec4 v0x1340805b0_0, 0;
    %load/vec4 v0x134080af0_0;
    %assign/vec4 v0x134080a60_0, 0;
    %load/vec4 v0x134080db0_0;
    %assign/vec4 v0x134080d00_0, 0;
    %load/vec4 v0x134080f00_0;
    %assign/vec4 v0x134080e50_0, 0;
    %load/vec4 v0x1340809d0_0;
    %assign/vec4 v0x134080940_0, 0;
    %load/vec4 v0x1340808b0_0;
    %assign/vec4 v0x1340807f0_0, 0;
    %load/vec4 v0x134081060_0;
    %assign/vec4 v0x134080fb0_0, 0;
    %load/vec4 v0x134080c40_0;
    %assign/vec4 v0x134080b90_0, 0;
    %jmp T_5;
    .thread T_5;
    .scope S_0x134082e30;
T_6 ;
    %wait E_0x134083130;
    %pushi/vec4 0, 0, 1;
    %store/vec4 v0x134083690_0, 0, 1;
    %pushi/vec4 0, 0, 1;
    %store/vec4 v0x1340833d0_0, 0, 1;
    %pushi/vec4 0, 0, 1;
    %store/vec4 v0x134083300_0, 0, 1;
    %pushi/vec4 0, 0, 1;
    %store/vec4 v0x134083460_0, 0, 1;
    %pushi/vec4 0, 0, 1;
    %store/vec4 v0x134083530_0, 0, 1;
    %pushi/vec4 0, 0, 1;
    %store/vec4 v0x1340835e0_0, 0, 1;
    %pushi/vec4 0, 0, 1;
    %store/vec4 v0x134083250_0, 0, 1;
    %pushi/vec4 0, 0, 1;
    %store/vec4 v0x134083740_0, 0, 1;
    %pushi/vec4 0, 0, 2;
    %store/vec4 v0x134083180_0, 0, 2;
    %load/vec4 v0x134083850_0;
    %dup/vec4;
    %pushi/vec4 0, 0, 6;
    %cmp/u;
    %jmp/1 T_6.0, 6;
    %dup/vec4;
    %pushi/vec4 35, 0, 6;
    %cmp/u;
    %jmp/1 T_6.1, 6;
    %dup/vec4;
    %pushi/vec4 43, 0, 6;
    %cmp/u;
    %jmp/1 T_6.2, 6;
    %dup/vec4;
    %pushi/vec4 4, 0, 6;
    %cmp/u;
    %jmp/1 T_6.3, 6;
    %dup/vec4;
    %pushi/vec4 5, 0, 6;
    %cmp/u;
    %jmp/1 T_6.4, 6;
    %dup/vec4;
    %pushi/vec4 8, 0, 6;
    %cmp/u;
    %jmp/1 T_6.5, 6;
    %dup/vec4;
    %pushi/vec4 2, 0, 6;
    %cmp/u;
    %jmp/1 T_6.6, 6;
    %jmp T_6.8;
T_6.0 ;
    %pushi/vec4 1, 0, 1;
    %store/vec4 v0x134083690_0, 0, 1;
    %pushi/vec4 1, 0, 1;
    %store/vec4 v0x134083740_0, 0, 1;
    %pushi/vec4 2, 0, 2;
    %store/vec4 v0x134083180_0, 0, 2;
    %jmp T_6.8;
T_6.1 ;
    %pushi/vec4 1, 0, 1;
    %store/vec4 v0x134083250_0, 0, 1;
    %pushi/vec4 1, 0, 1;
    %store/vec4 v0x134083530_0, 0, 1;
    %pushi/vec4 1, 0, 1;
    %store/vec4 v0x134083740_0, 0, 1;
    %pushi/vec4 1, 0, 1;
    %store/vec4 v0x134083460_0, 0, 1;
    %jmp T_6.8;
T_6.2 ;
    %pushi/vec4 1, 0, 1;
    %store/vec4 v0x134083250_0, 0, 1;
    %pushi/vec4 1, 0, 1;
    %store/vec4 v0x1340835e0_0, 0, 1;
    %pushi/vec4 0, 0, 2;
    %store/vec4 v0x134083180_0, 0, 2;
    %jmp T_6.8;
T_6.3 ;
    %pushi/vec4 1, 0, 1;
    %store/vec4 v0x134083300_0, 0, 1;
    %pushi/vec4 1, 0, 2;
    %store/vec4 v0x134083180_0, 0, 2;
    %jmp T_6.8;
T_6.4 ;
    %pushi/vec4 1, 0, 1;
    %store/vec4 v0x134083300_0, 0, 1;
    %pushi/vec4 1, 0, 2;
    %store/vec4 v0x134083180_0, 0, 2;
    %jmp T_6.8;
T_6.5 ;
    %pushi/vec4 1, 0, 1;
    %store/vec4 v0x134083250_0, 0, 1;
    %pushi/vec4 1, 0, 1;
    %store/vec4 v0x134083740_0, 0, 1;
    %jmp T_6.8;
T_6.6 ;
    %pushi/vec4 1, 0, 1;
    %store/vec4 v0x1340833d0_0, 0, 1;
    %jmp T_6.8;
T_6.8 ;
    %pop/vec4 1;
    %jmp T_6;
    .thread T_6, $push;
    .scope S_0x13407bfb0;
T_7 ;
    %wait E_0x13407c1c0;
    %load/vec4 v0x13407c2d0_0;
    %dup/vec4;
    %pushi/vec4 0, 0, 2;
    %cmp/u;
    %jmp/1 T_7.0, 6;
    %dup/vec4;
    %pushi/vec4 1, 0, 2;
    %cmp/u;
    %jmp/1 T_7.1, 6;
    %dup/vec4;
    %pushi/vec4 2, 0, 2;
    %cmp/u;
    %jmp/1 T_7.2, 6;
    %dup/vec4;
    %pushi/vec4 3, 0, 2;
    %cmp/u;
    %jmp/1 T_7.3, 6;
    %pushi/vec4 0, 0, 4;
    %store/vec4 v0x13407c200_0, 0, 4;
    %jmp T_7.5;
T_7.0 ;
    %pushi/vec4 2, 0, 4;
    %store/vec4 v0x13407c200_0, 0, 4;
    %jmp T_7.5;
T_7.1 ;
    %pushi/vec4 6, 0, 4;
    %store/vec4 v0x13407c200_0, 0, 4;
    %jmp T_7.5;
T_7.2 ;
    %load/vec4 v0x13407c370_0;
    %dup/vec4;
    %pushi/vec4 32, 0, 6;
    %cmp/u;
    %jmp/1 T_7.6, 6;
    %dup/vec4;
    %pushi/vec4 34, 0, 6;
    %cmp/u;
    %jmp/1 T_7.7, 6;
    %dup/vec4;
    %pushi/vec4 36, 0, 6;
    %cmp/u;
    %jmp/1 T_7.8, 6;
    %dup/vec4;
    %pushi/vec4 37, 0, 6;
    %cmp/u;
    %jmp/1 T_7.9, 6;
    %dup/vec4;
    %pushi/vec4 39, 0, 6;
    %cmp/u;
    %jmp/1 T_7.10, 6;
    %dup/vec4;
    %pushi/vec4 42, 0, 6;
    %cmp/u;
    %jmp/1 T_7.11, 6;
    %pushi/vec4 15, 0, 4;
    %store/vec4 v0x13407c200_0, 0, 4;
    %jmp T_7.13;
T_7.6 ;
    %pushi/vec4 2, 0, 4;
    %store/vec4 v0x13407c200_0, 0, 4;
    %jmp T_7.13;
T_7.7 ;
    %pushi/vec4 6, 0, 4;
    %store/vec4 v0x13407c200_0, 0, 4;
    %jmp T_7.13;
T_7.8 ;
    %pushi/vec4 0, 0, 4;
    %store/vec4 v0x13407c200_0, 0, 4;
    %jmp T_7.13;
T_7.9 ;
    %pushi/vec4 1, 0, 4;
    %store/vec4 v0x13407c200_0, 0, 4;
    %jmp T_7.13;
T_7.10 ;
    %pushi/vec4 12, 0, 4;
    %store/vec4 v0x13407c200_0, 0, 4;
    %jmp T_7.13;
T_7.11 ;
    %pushi/vec4 7, 0, 4;
    %store/vec4 v0x13407c200_0, 0, 4;
    %jmp T_7.13;
T_7.13 ;
    %pop/vec4 1;
    %jmp T_7.5;
T_7.3 ;
    %pushi/vec4 2, 0, 4;
    %store/vec4 v0x13407c200_0, 0, 4;
    %jmp T_7.5;
T_7.5 ;
    %pop/vec4 1;
    %jmp T_7;
    .thread T_7, $push;
    .scope S_0x13407b7f0;
T_8 ;
    %wait E_0x13407ba60;
    %load/vec4 v0x13407bc30_0;
    %dup/vec4;
    %pushi/vec4 0, 0, 4;
    %cmp/u;
    %jmp/1 T_8.0, 6;
    %dup/vec4;
    %pushi/vec4 1, 0, 4;
    %cmp/u;
    %jmp/1 T_8.1, 6;
    %dup/vec4;
    %pushi/vec4 2, 0, 4;
    %cmp/u;
    %jmp/1 T_8.2, 6;
    %dup/vec4;
    %pushi/vec4 6, 0, 4;
    %cmp/u;
    %jmp/1 T_8.3, 6;
    %dup/vec4;
    %pushi/vec4 7, 0, 4;
    %cmp/u;
    %jmp/1 T_8.4, 6;
    %dup/vec4;
    %pushi/vec4 12, 0, 4;
    %cmp/u;
    %jmp/1 T_8.5, 6;
    %pushi/vec4 0, 0, 32;
    %store/vec4 v0x13407bb80_0, 0, 32;
    %jmp T_8.7;
T_8.0 ;
    %load/vec4 v0x13407bd90_0;
    %load/vec4 v0x13407be80_0;
    %and;
    %store/vec4 v0x13407bb80_0, 0, 32;
    %jmp T_8.7;
T_8.1 ;
    %load/vec4 v0x13407bd90_0;
    %load/vec4 v0x13407be80_0;
    %or;
    %store/vec4 v0x13407bb80_0, 0, 32;
    %jmp T_8.7;
T_8.2 ;
    %load/vec4 v0x13407bd90_0;
    %load/vec4 v0x13407be80_0;
    %add;
    %store/vec4 v0x13407bb80_0, 0, 32;
    %jmp T_8.7;
T_8.3 ;
    %load/vec4 v0x13407bd90_0;
    %load/vec4 v0x13407be80_0;
    %sub;
    %store/vec4 v0x13407bb80_0, 0, 32;
    %jmp T_8.7;
T_8.4 ;
    %load/vec4 v0x13407bd90_0;
    %load/vec4 v0x13407be80_0;
    %cmp/u;
    %flag_mov 8, 5;
    %jmp/0 T_8.8, 8;
    %pushi/vec4 1, 0, 32;
    %jmp/1 T_8.9, 8;
T_8.8 ; End of true expr.
    %pushi/vec4 0, 0, 32;
    %jmp/0 T_8.9, 8;
 ; End of false expr.
    %blend;
T_8.9;
    %store/vec4 v0x13407bb80_0, 0, 32;
    %jmp T_8.7;
T_8.5 ;
    %load/vec4 v0x13407bd90_0;
    %load/vec4 v0x13407be80_0;
    %or;
    %inv;
    %store/vec4 v0x13407bb80_0, 0, 32;
    %jmp T_8.7;
T_8.7 ;
    %pop/vec4 1;
    %jmp T_8;
    .thread T_8, $push;
    .scope S_0x13407c480;
T_9 ;
    %wait E_0x13407c690;
    %load/vec4 v0x13407cac0_0;
    %load/vec4 v0x13407c920_0;
    %add;
    %store/vec4 v0x13407c860_0, 0, 32;
    %jmp T_9;
    .thread T_9, $push;
    .scope S_0x13407e200;
T_10 ;
    %wait E_0x13407d860;
    %load/vec4 v0x13407e9c0_0;
    %assign/vec4 v0x13407ea50_0, 0;
    %load/vec4 v0x13407eae0_0;
    %assign/vec4 v0x13407eb80_0, 0;
    %load/vec4 v0x13407ecb0_0;
    %assign/vec4 v0x13407ed40_0, 0;
    %load/vec4 v0x13407edd0_0;
    %assign/vec4 v0x13407ee60_0, 0;
    %load/vec4 v0x13407eef0_0;
    %assign/vec4 v0x13407ef80_0, 0;
    %load/vec4 v0x13407e790_0;
    %assign/vec4 v0x13407e860_0, 0;
    %load/vec4 v0x13407f020_0;
    %assign/vec4 v0x13407f0d0_0, 0;
    %load/vec4 v0x13407e670_0;
    %assign/vec4 v0x13407e700_0, 0;
    %load/vec4 v0x13407f260_0;
    %assign/vec4 v0x13407f310_0, 0;
    %load/vec4 v0x13407f3d0_0;
    %assign/vec4 v0x13407f460_0, 0;
    %jmp T_10;
    .thread T_10;
    .scope S_0x13407d660;
T_11 ;
    %vpi_call 9 14 "$readmemh", "memory.h", v0x13407df80 {0 0 0};
    %delay 2000000, 0;
    %vpi_call 9 16 "$writememh", "memory_dump.hex", v0x13407df80 {0 0 0};
    %end;
    .thread T_11;
    .scope S_0x13407d660;
T_12 ;
    %wait E_0x13407d860;
    %load/vec4 v0x13407de70_0;
    %flag_set/vec4 8;
    %jmp/0xz  T_12.0, 8;
    %load/vec4 v0x13407e0c0_0;
    %load/vec4 v0x13407dc80_0;
    %parti/s 8, 2, 3;
    %pad/u 10;
    %ix/vec4 3;
    %ix/load 4, 0, 0; Constant delay
    %assign/vec4/a/d v0x13407df80, 0, 4;
T_12.0 ;
    %jmp T_12;
    .thread T_12;
    .scope S_0x134083950;
T_13 ;
    %wait E_0x13407d860;
    %load/vec4 v0x134083ef0_0;
    %assign/vec4 v0x134083fa0_0, 0;
    %load/vec4 v0x134084030_0;
    %assign/vec4 v0x1340840c0_0, 0;
    %load/vec4 v0x134084150_0;
    %assign/vec4 v0x134084200_0, 0;
    %load/vec4 v0x134083c30_0;
    %assign/vec4 v0x134083d20_0, 0;
    %load/vec4 v0x134084310_0;
    %assign/vec4 v0x1340843d0_0, 0;
    %jmp T_13;
    .thread T_13;
    .scope S_0x134073f10;
T_14 ;
    %pushi/vec4 0, 0, 32;
    %store/vec4 v0x134088030_0, 0, 32;
    %end;
    .thread T_14;
    .scope S_0x134073f10;
T_15 ;
    %wait E_0x13407d860;
    %load/vec4 v0x134087e40_0;
    %assign/vec4 v0x134088030_0, 0;
    %jmp T_15;
    .thread T_15;
    .scope S_0x134073920;
T_16 ;
    %pushi/vec4 0, 0, 1;
    %store/vec4 v0x1340891a0_0, 0, 1;
T_16.0 ;
    %delay 50000, 0;
    %load/vec4 v0x1340891a0_0;
    %inv;
    %store/vec4 v0x1340891a0_0, 0, 1;
    %jmp T_16.0;
    %end;
    .thread T_16;
    .scope S_0x134073920;
T_17 ;
    %wait E_0x13407d860;
    %vpi_call 2 30 "$display", "time=%0t pc=%h instr=%h", $time, v0x134088030_0, v0x134087bc0_0 {0 0 0};
    %jmp T_17;
    .thread T_17;
    .scope S_0x134073920;
T_18 ;
    %vpi_call 2 35 "$dumpfile", "cpu_tb.vcd" {0 0 0};
    %vpi_call 2 36 "$dumpvars", 32'sb00000000000000000000000000000000, S_0x134073920 {0 0 0};
    %delay 2000000, 0;
    %vpi_call 2 37 "$finish" {0 0 0};
    %end;
    .thread T_18;
# The file index is used to find the file name in the following table.
:file_names 17;
    "N/A";
    "<interactive>";
    "cpu_tb.v";
    "cpu.v";
    "sext16to32.v";
    "alu32.v";
    "ctrl_alu.v";
    "branch_adder.v";
    "instr_decoder.v";
    "data_mem.v";
    "pipe_ex_mem.v";
    "pipe_id_ex.v";
    "pipe_if_id.v";
    "instr_mem.v";
    "ctrl_main.v";
    "pipe_mem_wb.v";
    "reg_file.v";
